   1              		.cpu cortex-m0
   2              		.fpu softvfp
   3              		.eabi_attribute 20, 1
   4              		.eabi_attribute 21, 1
   5              		.eabi_attribute 23, 3
   6              		.eabi_attribute 24, 1
   7              		.eabi_attribute 25, 1
   8              		.eabi_attribute 26, 1
   9              		.eabi_attribute 30, 4
  10              		.eabi_attribute 34, 0
  11              		.eabi_attribute 18, 4
  12              		.code	16
  13              		.file	"DAVE3.c"
  14              		.text
  15              	.Ltext0:
  16              		.cfi_sections	.debug_frame
  17              		.section	.text.DAVE_Init,"ax",%progbits
  18              		.align	1
  19              		.global	DAVE_Init
  20              		.code	16
  21              		.thumb_func
  23              	DAVE_Init:
  24              	.LFB38:
  25              		.file 1 "../Dave/Generated/src/DAVESupport/DAVE3.c"
   1:../Dave/Generated/src/DAVESupport/DAVE3.c **** /*******************************************************************************
   2:../Dave/Generated/src/DAVESupport/DAVE3.c **** **  DAVE App Name : DAVESupport       App Version: 1.0.44               
   3:../Dave/Generated/src/DAVESupport/DAVE3.c **** **  This file is generated by DAVE, User modification to this file will be    **
   4:../Dave/Generated/src/DAVESupport/DAVE3.c **** **  overwritten at the next code generation.                                  **
   5:../Dave/Generated/src/DAVESupport/DAVE3.c **** *******************************************************************************/
   6:../Dave/Generated/src/DAVESupport/DAVE3.c **** 
   7:../Dave/Generated/src/DAVESupport/DAVE3.c **** 
   8:../Dave/Generated/src/DAVESupport/DAVE3.c **** /*******************************************************************************
   9:../Dave/Generated/src/DAVESupport/DAVE3.c ****  Copyright (c) 2011, Infineon Technologies AG                                 **
  10:../Dave/Generated/src/DAVESupport/DAVE3.c ****  All rights reserved.                                                         **
  11:../Dave/Generated/src/DAVESupport/DAVE3.c ****                                                                               **
  12:../Dave/Generated/src/DAVESupport/DAVE3.c ****  Redistribution and use in source and binary forms, with or without           **
  13:../Dave/Generated/src/DAVESupport/DAVE3.c ****  modification,are permitted provided that the following conditions are met:   **
  14:../Dave/Generated/src/DAVESupport/DAVE3.c ****                                                                               **
  15:../Dave/Generated/src/DAVESupport/DAVE3.c ****  *Redistributions of source code must retain the above copyright notice,      **
  16:../Dave/Generated/src/DAVESupport/DAVE3.c ****  this list of conditions and the following disclaimer.                        **
  17:../Dave/Generated/src/DAVESupport/DAVE3.c ****  *Redistributions in binary form must reproduce the above copyright notice,   **
  18:../Dave/Generated/src/DAVESupport/DAVE3.c ****  this list of conditions and the following disclaimer in the documentation    **
  19:../Dave/Generated/src/DAVESupport/DAVE3.c ****  and/or other materials provided with the distribution.                       **
  20:../Dave/Generated/src/DAVESupport/DAVE3.c ****  *Neither the name of the copyright holders nor the names of its contributors **
  21:../Dave/Generated/src/DAVESupport/DAVE3.c ****  may be used to endorse or promote products derived from this software without**
  22:../Dave/Generated/src/DAVESupport/DAVE3.c ****  specific prior written permission.                                           **
  23:../Dave/Generated/src/DAVESupport/DAVE3.c ****                                                                               **
  24:../Dave/Generated/src/DAVESupport/DAVE3.c ****  THIS SOFTWARE IS PROVIDED BY THE COPYRIGHT HOLDERS AND CONTRIBUTORS "AS IS"  **
  25:../Dave/Generated/src/DAVESupport/DAVE3.c ****  AND ANY EXPRESS OR IMPLIED WARRANTIES, INCLUDING, BUT NOT LIMITED TO, THE    **
  26:../Dave/Generated/src/DAVESupport/DAVE3.c ****  IMPLIED WARRANTIES OF MERCHANTABILITY AND FITNESS FOR A PARTICULAR PURPOSE   **
  27:../Dave/Generated/src/DAVESupport/DAVE3.c ****  ARE  DISCLAIMED. IN NO EVENT SHALL THE COPYRIGHT HOLDER OR CONTRIBUTORS BE   **
  28:../Dave/Generated/src/DAVESupport/DAVE3.c ****  LIABLE  FOR ANY DIRECT, INDIRECT, INCIDENTAL, SPECIAL, EXEMPLARY, OR         **
  29:../Dave/Generated/src/DAVESupport/DAVE3.c ****  CONSEQUENTIAL DAMAGES (INCLUDING, BUT NOT LIMITED TO, PROCUREMENT OF         **
  30:../Dave/Generated/src/DAVESupport/DAVE3.c ****  SUBSTITUTE GOODS OR  SERVICES; LOSS OF USE, DATA, OR PROFITS; OR BUSINESS    **
  31:../Dave/Generated/src/DAVESupport/DAVE3.c ****  INTERRUPTION) HOWEVER CAUSED AND ON ANY THEORY OF LIABILITY, WHETHER IN      **
  32:../Dave/Generated/src/DAVESupport/DAVE3.c ****  CONTRACT, STRICT LIABILITY,OR TORT (INCLUDING NEGLIGENCE OR OTHERWISE)       **
  33:../Dave/Generated/src/DAVESupport/DAVE3.c ****  ARISING IN ANY WAY OUT OF THE USE OF THIS SOFTWARE, EVEN IF ADVISED OF THE   **
  34:../Dave/Generated/src/DAVESupport/DAVE3.c ****  POSSIBILITY OF SUCH DAMAGE.                                                  **
  35:../Dave/Generated/src/DAVESupport/DAVE3.c ****                                                                               **
  36:../Dave/Generated/src/DAVESupport/DAVE3.c ****  To improve the quality of the software, users are encouraged to share        **
  37:../Dave/Generated/src/DAVESupport/DAVE3.c ****  modifications, enhancements or bug fixes with Infineon Technologies AG       **
  38:../Dave/Generated/src/DAVESupport/DAVE3.c ****  dave@infineon.com).                                                          **
  39:../Dave/Generated/src/DAVESupport/DAVE3.c ****                                                                               **
  40:../Dave/Generated/src/DAVESupport/DAVE3.c **** ********************************************************************************
  41:../Dave/Generated/src/DAVESupport/DAVE3.c **** **                                                                            **
  42:../Dave/Generated/src/DAVESupport/DAVE3.c **** **                                                                            **
  43:../Dave/Generated/src/DAVESupport/DAVE3.c **** ** PLATFORM : Infineon <Microcontroller name, step>                           **
  44:../Dave/Generated/src/DAVESupport/DAVE3.c **** **                                                                            **
  45:../Dave/Generated/src/DAVESupport/DAVE3.c **** ** COMPILER : Compiler Independent                                            **
  46:../Dave/Generated/src/DAVESupport/DAVE3.c **** **                                                                            **
  47:../Dave/Generated/src/DAVESupport/DAVE3.c **** ** MODIFICATION DATE : June 27, 2013                                       **
  48:../Dave/Generated/src/DAVESupport/DAVE3.c **** **                                                                            **
  49:../Dave/Generated/src/DAVESupport/DAVE3.c **** *******************************************************************************/
  50:../Dave/Generated/src/DAVESupport/DAVE3.c **** /**
  51:../Dave/Generated/src/DAVESupport/DAVE3.c ****  * @file  DAVE3.c
  52:../Dave/Generated/src/DAVESupport/DAVE3.c ****  *
  53:../Dave/Generated/src/DAVESupport/DAVE3.c ****  * @brief This file contains implementation of initialization functions calling sequence. 
  54:../Dave/Generated/src/DAVESupport/DAVE3.c ****  *
  55:../Dave/Generated/src/DAVESupport/DAVE3.c ****  * Revision History
  56:../Dave/Generated/src/DAVESupport/DAVE3.c ****  * 27 June 2013 v1.0.33 Initial Version
  57:../Dave/Generated/src/DAVESupport/DAVE3.c ****  */
  58:../Dave/Generated/src/DAVESupport/DAVE3.c **** 
  59:../Dave/Generated/src/DAVESupport/DAVE3.c **** /*******************************************************************************
  60:../Dave/Generated/src/DAVESupport/DAVE3.c **** **                      Include Files                                         **
  61:../Dave/Generated/src/DAVESupport/DAVE3.c **** *******************************************************************************/
  62:../Dave/Generated/src/DAVESupport/DAVE3.c **** #include "../../inc/DAVESupport/DAVE3.h"
  63:../Dave/Generated/src/DAVESupport/DAVE3.c **** 
  64:../Dave/Generated/src/DAVESupport/DAVE3.c **** /*******************************************************************************
  65:../Dave/Generated/src/DAVESupport/DAVE3.c **** **                 Function declarations                                     **
  66:../Dave/Generated/src/DAVESupport/DAVE3.c **** *******************************************************************************/
  67:../Dave/Generated/src/DAVESupport/DAVE3.c **** 
  68:../Dave/Generated/src/DAVESupport/DAVE3.c **** //****************************************************************************
  69:../Dave/Generated/src/DAVESupport/DAVE3.c **** // @Function      void DAVE_Init(void) 
  70:../Dave/Generated/src/DAVESupport/DAVE3.c **** //
  71:../Dave/Generated/src/DAVESupport/DAVE3.c **** //----------------------------------------------------------------------------
  72:../Dave/Generated/src/DAVESupport/DAVE3.c **** // @Description   This function initializes the Apps Init Functions.
  73:../Dave/Generated/src/DAVESupport/DAVE3.c **** //
  74:../Dave/Generated/src/DAVESupport/DAVE3.c **** //----------------------------------------------------------------------------
  75:../Dave/Generated/src/DAVESupport/DAVE3.c **** // @Returnvalue   None
  76:../Dave/Generated/src/DAVESupport/DAVE3.c **** //
  77:../Dave/Generated/src/DAVESupport/DAVE3.c **** //----------------------------------------------------------------------------
  78:../Dave/Generated/src/DAVESupport/DAVE3.c **** // @Parameters    None
  79:../Dave/Generated/src/DAVESupport/DAVE3.c **** //
  80:../Dave/Generated/src/DAVESupport/DAVE3.c **** //****************************************************************************
  81:../Dave/Generated/src/DAVESupport/DAVE3.c **** 
  82:../Dave/Generated/src/DAVESupport/DAVE3.c **** void DAVE_Init(void)
  83:../Dave/Generated/src/DAVESupport/DAVE3.c **** {
  26              		.loc 1 83 0
  27              		.cfi_startproc
  28 0000 08B5     		push	{r3, lr}
  29              	.LCFI0:
  30              		.cfi_def_cfa_offset 8
  31              		.cfi_offset 3, -8
  32              		.cfi_offset 14, -4
  84:../Dave/Generated/src/DAVESupport/DAVE3.c ****      
  85:../Dave/Generated/src/DAVESupport/DAVE3.c **** 
  86:../Dave/Generated/src/DAVESupport/DAVE3.c **** //****************************************************************************
  87:../Dave/Generated/src/DAVESupport/DAVE3.c **** // @Initialization of APPs Init Functions
  88:../Dave/Generated/src/DAVESupport/DAVE3.c **** //****************************************************************************
  89:../Dave/Generated/src/DAVESupport/DAVE3.c **** 	//  MUX configurations
  90:../Dave/Generated/src/DAVESupport/DAVE3.c **** 	DAVE_MUX_PreInit(); 
  33              		.loc 1 90 0
  34 0002 FFF7FEFF 		bl	DAVE_MUX_PreInit
  35              	.LVL0:
  91:../Dave/Generated/src/DAVESupport/DAVE3.c **** 	//  Initialization of app 'CLK002'		     
  92:../Dave/Generated/src/DAVESupport/DAVE3.c **** 	CLK002_Init();
  93:../Dave/Generated/src/DAVESupport/DAVE3.c **** 	 
  94:../Dave/Generated/src/DAVESupport/DAVE3.c **** 	//  Initialization of app 'BCCUGLOBAL'		     
  95:../Dave/Generated/src/DAVESupport/DAVE3.c **** 	BCCUGLOBAL_Init();
  96:../Dave/Generated/src/DAVESupport/DAVE3.c **** 	 
  97:../Dave/Generated/src/DAVESupport/DAVE3.c **** 	//  Initialization of app 'BCCUDIM01'		     
  98:../Dave/Generated/src/DAVESupport/DAVE3.c **** 	BCCUDIM01_Init();
  99:../Dave/Generated/src/DAVESupport/DAVE3.c **** 	 
 100:../Dave/Generated/src/DAVESupport/DAVE3.c **** 	//  Initialization of app 'BCCUCH01'		     
 101:../Dave/Generated/src/DAVESupport/DAVE3.c **** 	BCCUCH01_Init();
 102:../Dave/Generated/src/DAVESupport/DAVE3.c **** 	 
 103:../Dave/Generated/src/DAVESupport/DAVE3.c **** 	//  Initialization of app 'COLORLAMP01'		     
 104:../Dave/Generated/src/DAVESupport/DAVE3.c **** 	COLORLAMP01_Init();
 105:../Dave/Generated/src/DAVESupport/DAVE3.c **** 	 
 106:../Dave/Generated/src/DAVESupport/DAVE3.c **** 	//  Initialization of app 'CCU4GLOBAL'		     
 107:../Dave/Generated/src/DAVESupport/DAVE3.c **** 	CCU4GLOBAL_Init();
 108:../Dave/Generated/src/DAVESupport/DAVE3.c **** 	 
 109:../Dave/Generated/src/DAVESupport/DAVE3.c **** 	//  Initialization of app 'PWMSP003'		     
 110:../Dave/Generated/src/DAVESupport/DAVE3.c **** 	PWMSP003_Init();
 111:../Dave/Generated/src/DAVESupport/DAVE3.c **** 	 
 112:../Dave/Generated/src/DAVESupport/DAVE3.c **** 	//  Initialization of app 'IO002'		     
 113:../Dave/Generated/src/DAVESupport/DAVE3.c **** 	IO002_Init();
 114:../Dave/Generated/src/DAVESupport/DAVE3.c **** 	 
 115:../Dave/Generated/src/DAVESupport/DAVE3.c **** 	//  Initialization of app 'IO001'		     
 116:../Dave/Generated/src/DAVESupport/DAVE3.c **** 	IO001_Init();
 117:../Dave/Generated/src/DAVESupport/DAVE3.c **** 	 
 118:../Dave/Generated/src/DAVESupport/DAVE3.c **** 	//  Initialization of app 'ANACMPGLOB01'		     
 119:../Dave/Generated/src/DAVESupport/DAVE3.c **** 	ANACMPGLOB01_Init();
 120:../Dave/Generated/src/DAVESupport/DAVE3.c **** 	 
 121:../Dave/Generated/src/DAVESupport/DAVE3.c **** 	//  Initialization of app 'ANACMP01'		     
 122:../Dave/Generated/src/DAVESupport/DAVE3.c **** 	ANACMP01_Init();
 123:../Dave/Generated/src/DAVESupport/DAVE3.c **** 	 
 124:../Dave/Generated/src/DAVESupport/DAVE3.c **** 	//  Initialization of app 'NVIC002'		     
 125:../Dave/Generated/src/DAVESupport/DAVE3.c **** 	NVIC002_Init();
 126:../Dave/Generated/src/DAVESupport/DAVE3.c **** 	 
 127:../Dave/Generated/src/DAVESupport/DAVE3.c **** 	//  Initialization of app 'DMX512RD01'		     
 128:../Dave/Generated/src/DAVESupport/DAVE3.c **** 	DMX512RD01_Init();
 129:../Dave/Generated/src/DAVESupport/DAVE3.c **** 	 
 130:../Dave/Generated/src/DAVESupport/DAVE3.c **** 	//  Initialization of app 'IO004'		     
 131:../Dave/Generated/src/DAVESupport/DAVE3.c **** 	IO004_Init();
 132:../Dave/Generated/src/DAVESupport/DAVE3.c **** 	 
 133:../Dave/Generated/src/DAVESupport/DAVE3.c **** 	//  Initialization of app 'I2C003'		     
 134:../Dave/Generated/src/DAVESupport/DAVE3.c **** 	I2C003_Init();
 135:../Dave/Generated/src/DAVESupport/DAVE3.c **** 	 
 136:../Dave/Generated/src/DAVESupport/DAVE3.c **** 	//  Initialization of app 'FLASH003'		     
 137:../Dave/Generated/src/DAVESupport/DAVE3.c **** 	FLASH003_Init();
 138:../Dave/Generated/src/DAVESupport/DAVE3.c **** 	
 139:../Dave/Generated/src/DAVESupport/DAVE3.c ****       
 140:../Dave/Generated/src/DAVESupport/DAVE3.c **** 	//  MUX configurations
 141:../Dave/Generated/src/DAVESupport/DAVE3.c **** 	DAVE_MUX_Init();	
 142:../Dave/Generated/src/DAVESupport/DAVE3.c **** } //  End of function DAVE_Init
  36              		.loc 1 142 0
  37              		@ sp needed for prologue
  92:../Dave/Generated/src/DAVESupport/DAVE3.c **** 	CLK002_Init();
  38              		.loc 1 92 0
  39 0006 FFF7FEFF 		bl	CLK002_Init
  40              	.LVL1:
  95:../Dave/Generated/src/DAVESupport/DAVE3.c **** 	BCCUGLOBAL_Init();
  41              		.loc 1 95 0
  42 000a FFF7FEFF 		bl	BCCUGLOBAL_Init
  43              	.LVL2:
  98:../Dave/Generated/src/DAVESupport/DAVE3.c **** 	BCCUDIM01_Init();
  44              		.loc 1 98 0
  45 000e FFF7FEFF 		bl	BCCUDIM01_Init
  46              	.LVL3:
 101:../Dave/Generated/src/DAVESupport/DAVE3.c **** 	BCCUCH01_Init();
  47              		.loc 1 101 0
  48 0012 FFF7FEFF 		bl	BCCUCH01_Init
  49              	.LVL4:
 104:../Dave/Generated/src/DAVESupport/DAVE3.c **** 	COLORLAMP01_Init();
  50              		.loc 1 104 0
  51 0016 FFF7FEFF 		bl	COLORLAMP01_Init
  52              	.LVL5:
 107:../Dave/Generated/src/DAVESupport/DAVE3.c **** 	CCU4GLOBAL_Init();
  53              		.loc 1 107 0
  54 001a FFF7FEFF 		bl	CCU4GLOBAL_Init
  55              	.LVL6:
 110:../Dave/Generated/src/DAVESupport/DAVE3.c **** 	PWMSP003_Init();
  56              		.loc 1 110 0
  57 001e FFF7FEFF 		bl	PWMSP003_Init
  58              	.LVL7:
 113:../Dave/Generated/src/DAVESupport/DAVE3.c **** 	IO002_Init();
  59              		.loc 1 113 0
  60 0022 FFF7FEFF 		bl	IO002_Init
  61              	.LVL8:
 116:../Dave/Generated/src/DAVESupport/DAVE3.c **** 	IO001_Init();
  62              		.loc 1 116 0
  63 0026 FFF7FEFF 		bl	IO001_Init
  64              	.LVL9:
 119:../Dave/Generated/src/DAVESupport/DAVE3.c **** 	ANACMPGLOB01_Init();
  65              		.loc 1 119 0
  66 002a FFF7FEFF 		bl	ANACMPGLOB01_Init
  67              	.LVL10:
 122:../Dave/Generated/src/DAVESupport/DAVE3.c **** 	ANACMP01_Init();
  68              		.loc 1 122 0
  69 002e FFF7FEFF 		bl	ANACMP01_Init
  70              	.LVL11:
 125:../Dave/Generated/src/DAVESupport/DAVE3.c **** 	NVIC002_Init();
  71              		.loc 1 125 0
  72 0032 FFF7FEFF 		bl	NVIC002_Init
  73              	.LVL12:
 128:../Dave/Generated/src/DAVESupport/DAVE3.c **** 	DMX512RD01_Init();
  74              		.loc 1 128 0
  75 0036 FFF7FEFF 		bl	DMX512RD01_Init
  76              	.LVL13:
 131:../Dave/Generated/src/DAVESupport/DAVE3.c **** 	IO004_Init();
  77              		.loc 1 131 0
  78 003a FFF7FEFF 		bl	IO004_Init
  79              	.LVL14:
 134:../Dave/Generated/src/DAVESupport/DAVE3.c **** 	I2C003_Init();
  80              		.loc 1 134 0
  81 003e FFF7FEFF 		bl	I2C003_Init
  82              	.LVL15:
 137:../Dave/Generated/src/DAVESupport/DAVE3.c **** 	FLASH003_Init();
  83              		.loc 1 137 0
  84 0042 FFF7FEFF 		bl	FLASH003_Init
  85              	.LVL16:
 141:../Dave/Generated/src/DAVESupport/DAVE3.c **** 	DAVE_MUX_Init();	
  86              		.loc 1 141 0
  87 0046 FFF7FEFF 		bl	DAVE_MUX_Init
  88              	.LVL17:
  89              		.loc 1 142 0
  90 004a 08BD     		pop	{r3, pc}
  91              		.cfi_endproc
  92              	.LFE38:
  94              		.text
  95              	.Letext0:
  96              		.file 2 "../Dave/Generated/src/DAVESupport/../../inc/DAVESupport/../../inc/DAVESupport/MULTIPLEXER
  97              		.file 3 "../Dave/Generated/src/DAVESupport/../../inc/DAVESupport/../../inc/CLK002/CLK002.h"
  98              		.file 4 "../Dave/Generated/src/DAVESupport/../../inc/DAVESupport/../../inc/BCCUGLOBAL/BCCUGLOBAL.h
  99              		.file 5 "../Dave/Generated/src/DAVESupport/../../inc/DAVESupport/../../inc/BCCUDIM01/BCCUDIM01.h"
 100              		.file 6 "../Dave/Generated/src/DAVESupport/../../inc/DAVESupport/../../inc/BCCUCH01/BCCUCH01.h"
 101              		.file 7 "../Dave/Generated/src/DAVESupport/../../inc/DAVESupport/../../inc/COLORLAMP01/COLORLAMP01
 102              		.file 8 "../Dave/Generated/src/DAVESupport/../../inc/DAVESupport/../../inc/CCU4GLOBAL/CCU4GLOBAL.h
 103              		.file 9 "../Dave/Generated/src/DAVESupport/../../inc/DAVESupport/../../inc/PWMSP003/PWMSP003.h"
 104              		.file 10 "../Dave/Generated/src/DAVESupport/../../inc/DAVESupport/../../inc/IO002/IO002.h"
 105              		.file 11 "../Dave/Generated/src/DAVESupport/../../inc/DAVESupport/../../inc/IO001/IO001.h"
 106              		.file 12 "../Dave/Generated/src/DAVESupport/../../inc/DAVESupport/../../inc/ANACMPGLOB01/ANACMPGLO
 107              		.file 13 "../Dave/Generated/src/DAVESupport/../../inc/DAVESupport/../../inc/ANACMP01/ANACMP01.h"
 108              		.file 14 "../Dave/Generated/src/DAVESupport/../../inc/DAVESupport/../../inc/NVIC002/NVIC002.h"
 109              		.file 15 "../Dave/Generated/src/DAVESupport/../../inc/DAVESupport/../../inc/DMX512RD01/DMX512RD01.
 110              		.file 16 "../Dave/Generated/src/DAVESupport/../../inc/DAVESupport/../../inc/IO004/IO004.h"
 111              		.file 17 "../Dave/Generated/src/DAVESupport/../../inc/DAVESupport/../../inc/I2C003/I2C003.h"
 112              		.file 18 "../Dave/Generated/src/DAVESupport/../../inc/DAVESupport/../../inc/FLASH003/FLASH003.h"
DEFINED SYMBOLS
                            *ABS*:00000000 DAVE3.c
C:\Users\tomasoat\AppData\Local\Temp\ccsfmOCi.s:18     .text.DAVE_Init:00000000 $t
C:\Users\tomasoat\AppData\Local\Temp\ccsfmOCi.s:23     .text.DAVE_Init:00000000 DAVE_Init
                     .debug_frame:00000010 $d
                           .group:00000000 wm4.1.e09b9dd5224853206c418479f14d6963
                           .group:00000000 wm4.XMC1200.h.45.4c899b4822ac22c0f00d6fd7f173cc96
                           .group:00000000 wm4.core_cm0.h.47.022e66414e77714da7c4b30b3ad99fe8
                           .group:00000000 wm4.newlib.h.8.a9901dc52d1357e3e94003403d43f8b5
                           .group:00000000 wm4.features.h.22.b72b3baab2bb2eab3661375590100b6b
                           .group:00000000 wm4.config.h.193.5fb8ef056cdff92dec3dee9552839d8c
                           .group:00000000 wm4._ansi.h.23.7aefdac4826acebbfc9f3822a0aeb14c
                           .group:00000000 wm4.stdint.h.20.54ad762faa59e3c05491630641c8d8bf
                           .group:00000000 wm4.core_cmInstr.h.39.b7b6650bdd2316848d940915272d75b8
                           .group:00000000 wm4.core_cm0.h.135.ca70469f87e143609670bb393bfa6518
                           .group:00000000 wm4.XMC1000_RomFunctionTable.h.31.6d9a94465618f31b040dc9cea9a47ad7
                           .group:00000000 wm4.XMC1200.h.122.96b58b1204def4c9f76341a4e21abaf6
                           .group:00000000 wm4.stddef.h.40.50cf36416e06376af8a9dca28536f2e4
                           .group:00000000 wm4.types.h.60.e75c47576398c648cdcf9000ace5e3d8
                           .group:00000000 wm4.MULTIPLEXER.h.46.383e3edbb9cbf6e538f7c1532ef623c1
                           .group:00000000 wm4.uc_id.h.35.62dcba5f6261c1436e3866a751c1a98b
                           .group:00000000 wm4.BCCUDIM01_Conf.h.46.1e3ffd6581cbd401bcc28a6ce60f19f0
                           .group:00000000 wm4.BCCUCH01_Conf.h.48.2ce679450068d1645a9e0c3a7937e697
                           .group:00000000 wm4.CCU4Global_Conf.h.63.a52fac0daa39b5f58343578312b4eb54
                           .group:00000000 wm4.PWMSP003_Conf.h.49.a3ea83c25b3af429e78acb0f2dc45bd4
                           .group:00000000 wm4.PWMSP003.h.103.903071678b9af5683776405c5b299fbb
                           .group:00000000 wm4.IO002_Conf.h.51.9fc2eb43e77e0a2c02912a3744f3ec9d
                           .group:00000000 wm4.IO001.h.49.4efcabb368feaef60c65bd7504b48505
                           .group:00000000 wm4.NVIC002_Conf.h.62.64042456dc7f2eb96fc713abacb4c5d4
                           .group:00000000 wm4.DMX512RD01_Conf.h.49.036b57ce74a404ea8f8ade310b364436
                           .group:00000000 wm4.IO004.h.53.442ea5eb47ad9eedc675253aa35f3107
                           .group:00000000 wm4.Usic.h.40.f6a4fed014760114cf5039d398d6dd2c
                           .group:00000000 wm4.I2C003_Conf.h.50.5fb7c255d386301836868ba2fd78b91f
                           .group:00000000 wm4.FLASH003.h.76.20bf3d34b222314a45adfdfb414ab1b6
                           .group:00000000 wm4.FLASH003_Conf.h.72.6d366060eda228c6c8843c467361c30c

UNDEFINED SYMBOLS
DAVE_MUX_PreInit
CLK002_Init
BCCUGLOBAL_Init
BCCUDIM01_Init
BCCUCH01_Init
COLORLAMP01_Init
CCU4GLOBAL_Init
PWMSP003_Init
IO002_Init
IO001_Init
ANACMPGLOB01_Init
ANACMP01_Init
NVIC002_Init
DMX512RD01_Init
IO004_Init
I2C003_Init
FLASH003_Init
DAVE_MUX_Init
