   1              		.cpu cortex-m0
   2              		.fpu softvfp
   3              		.eabi_attribute 20, 1
   4              		.eabi_attribute 21, 1
   5              		.eabi_attribute 23, 3
   6              		.eabi_attribute 24, 1
   7              		.eabi_attribute 25, 1
   8              		.eabi_attribute 26, 1
   9              		.eabi_attribute 30, 4
  10              		.eabi_attribute 34, 0
  11              		.eabi_attribute 18, 4
  12              		.code	16
  13              		.file	"FEE001_Conf.c"
  14              		.text
  15              	.Ltext0:
  16              		.cfi_sections	.debug_frame
  17              		.global	FEE001_CfgPtr
  18              		.global	FEE001_Handle0
  19              		.global	FEE001_BlockConfig0
  20              		.comm	FEE001_StateVar,356,4
  21              		.section	.rodata
  22              		.align	2
  25              	FEE001_Handle0:
  26 0000 00000000 		.word	FEE001_StateVar
  27 0004 00000000 		.word	FEE001_BlockConfig0
  28 0008 01       		.byte	1
  29 0009 00       		.byte	0
  30 000a 00       		.byte	0
  31 000b 00       		.byte	0
  32 000c 00       		.byte	0
  33 000d 000000   		.space	3
  36              	FEE001_BlockConfig0:
  37 0010 01       		.byte	1
  38 0011 00       		.space	1
  39 0012 0C00     		.short	12
  40              		.data
  41              		.align	2
  44              	FEE001_CfgPtr:
  45 0000 00000000 		.word	FEE001_Handle0
  46              		.text
  47              	.Letext0:
  48              		.file 1 "c:\\dave-3.1.10\\arm-gcc\\bin\\../lib/gcc/arm-none-eabi/4.7.4/../../../../arm-none-eabi/i
  49              		.file 2 "../Dave/Generated/src/FEE001/../../inc/FEE001/FEE001.h"
  50              		.file 3 "../Dave/Generated/src/FEE001/FEE001_Conf.c"
DEFINED SYMBOLS
                            *ABS*:00000000 FEE001_Conf.c
C:\Users\ChiaJiaY\AppData\Local\Temp\cc3E2ijN.s:44     .data:00000000 FEE001_CfgPtr
C:\Users\ChiaJiaY\AppData\Local\Temp\cc3E2ijN.s:25     .rodata:00000000 FEE001_Handle0
C:\Users\ChiaJiaY\AppData\Local\Temp\cc3E2ijN.s:36     .rodata:00000010 FEE001_BlockConfig0
                            *COM*:00000164 FEE001_StateVar
C:\Users\ChiaJiaY\AppData\Local\Temp\cc3E2ijN.s:22     .rodata:00000000 $d
C:\Users\ChiaJiaY\AppData\Local\Temp\cc3E2ijN.s:41     .data:00000000 $d
                           .group:00000000 wm4.1.e09b9dd5224853206c418479f14d6963
                           .group:00000000 wm4.uc_id.h.35.62dcba5f6261c1436e3866a751c1a98b
                           .group:00000000 wm4.XMC1200.h.45.4c899b4822ac22c0f00d6fd7f173cc96
                           .group:00000000 wm4.core_cm0.h.47.022e66414e77714da7c4b30b3ad99fe8
                           .group:00000000 wm4.newlib.h.8.a9901dc52d1357e3e94003403d43f8b5
                           .group:00000000 wm4.features.h.22.b72b3baab2bb2eab3661375590100b6b
                           .group:00000000 wm4.config.h.193.5fb8ef056cdff92dec3dee9552839d8c
                           .group:00000000 wm4._ansi.h.23.7aefdac4826acebbfc9f3822a0aeb14c
                           .group:00000000 wm4.stdint.h.20.54ad762faa59e3c05491630641c8d8bf
                           .group:00000000 wm4.core_cmInstr.h.39.b7b6650bdd2316848d940915272d75b8
                           .group:00000000 wm4.core_cm0.h.135.ca70469f87e143609670bb393bfa6518
                           .group:00000000 wm4.XMC1000_RomFunctionTable.h.31.6d9a94465618f31b040dc9cea9a47ad7
                           .group:00000000 wm4.XMC1200.h.122.96b58b1204def4c9f76341a4e21abaf6
                           .group:00000000 wm4.stddef.h.40.50cf36416e06376af8a9dca28536f2e4
                           .group:00000000 wm4.types.h.60.e75c47576398c648cdcf9000ace5e3d8
                           .group:00000000 wm4.MULTIPLEXER.h.46.383e3edbb9cbf6e538f7c1532ef623c1
                           .group:00000000 wm4.BCCUDIM01_Conf.h.46.1e3ffd6581cbd401bcc28a6ce60f19f0
                           .group:00000000 wm4.BCCUCH01_Conf.h.48.2ce679450068d1645a9e0c3a7937e697
                           .group:00000000 wm4.CCU4Global_Conf.h.63.a52fac0daa39b5f58343578312b4eb54
                           .group:00000000 wm4.PWMSP003_Conf.h.49.a3ea83c25b3af429e78acb0f2dc45bd4
                           .group:00000000 wm4.PWMSP003.h.103.903071678b9af5683776405c5b299fbb
                           .group:00000000 wm4.IO002_Conf.h.51.9fc2eb43e77e0a2c02912a3744f3ec9d
                           .group:00000000 wm4.IO001.h.49.4efcabb368feaef60c65bd7504b48505
                           .group:00000000 wm4.NVIC002_Conf.h.62.64042456dc7f2eb96fc713abacb4c5d4
                           .group:00000000 wm4.DMX512RD01_Conf.h.49.036b57ce74a404ea8f8ade310b364436
                           .group:00000000 wm4.IO004.h.53.442ea5eb47ad9eedc675253aa35f3107
                           .group:00000000 wm4.Usic.h.40.f6a4fed014760114cf5039d398d6dd2c
                           .group:00000000 wm4.I2C003_Conf.h.50.5fb7c255d386301836868ba2fd78b91f
                           .group:00000000 wm4.FLASH003.h.97.0e4570cae4de3fc62b4b447e6d75bbc9
                           .group:00000000 wm4.FLASH003_Conf.h.72.6d366060eda228c6c8843c467361c30c
                           .group:00000000 wm4.FEE001_Conf.h.70.ead447049f1b404ef80ce24c9a9d7933

NO UNDEFINED SYMBOLS
