   1              		.cpu cortex-m0
   2              		.fpu softvfp
   3              		.eabi_attribute 20, 1
   4              		.eabi_attribute 21, 1
   5              		.eabi_attribute 23, 3
   6              		.eabi_attribute 24, 1
   7              		.eabi_attribute 25, 1
   8              		.eabi_attribute 26, 1
   9              		.eabi_attribute 30, 4
  10              		.eabi_attribute 34, 0
  11              		.eabi_attribute 18, 4
  12              		.code	16
  13              		.file	"NVIC002_Conf.c"
  14              		.text
  15              	.Ltext0:
  16              		.cfi_sections	.debug_frame
  17              		.global	NVIC002_HandleArray
  18              		.global	NVIC002_Handle2
  19              		.global	NVIC002_Handle1
  20              		.global	NVIC002_Handle0
  21              		.section	.rodata
  24              	NVIC002_Handle2:
  25 0000 0B       		.byte	11
  26 0001 03       		.byte	3
  27 0002 00       		.byte	0
  28 0003 01       		.byte	1
  31              	NVIC002_Handle1:
  32 0004 0A       		.byte	10
  33 0005 03       		.byte	3
  34 0006 00       		.byte	0
  35 0007 01       		.byte	1
  38              	NVIC002_Handle0:
  39 0008 09       		.byte	9
  40 0009 03       		.byte	3
  41 000a 00       		.byte	0
  42 000b 01       		.byte	1
  43              		.data
  44              		.align	2
  47              	NVIC002_HandleArray:
  48 0000 00000000 		.word	NVIC002_Handle0
  49 0004 00000000 		.word	NVIC002_Handle1
  50 0008 00000000 		.word	NVIC002_Handle2
  51              		.text
  52              	.Letext0:
  53              		.file 1 "../Dave/Generated/src/NVIC002/../../inc/NVIC002/NVIC002.h"
  54              		.file 2 "c:\\dave-3.1.10\\arm-gcc\\bin\\../lib/gcc/arm-none-eabi/4.7.4/../../../../arm-none-eabi/i
  55              		.file 3 "../Dave/Generated/src/NVIC002/NVIC002_Conf.c"
DEFINED SYMBOLS
                            *ABS*:00000000 NVIC002_Conf.c
C:\Users\tomasoat\AppData\Local\Temp\ccK6Id5m.s:47     .data:00000000 NVIC002_HandleArray
C:\Users\tomasoat\AppData\Local\Temp\ccK6Id5m.s:24     .rodata:00000000 NVIC002_Handle2
C:\Users\tomasoat\AppData\Local\Temp\ccK6Id5m.s:31     .rodata:00000004 NVIC002_Handle1
C:\Users\tomasoat\AppData\Local\Temp\ccK6Id5m.s:38     .rodata:00000008 NVIC002_Handle0
C:\Users\tomasoat\AppData\Local\Temp\ccK6Id5m.s:44     .data:00000000 $d
                           .group:00000000 wm4.1.e09b9dd5224853206c418479f14d6963
                           .group:00000000 wm4.uc_id.h.35.62dcba5f6261c1436e3866a751c1a98b
                           .group:00000000 wm4.XMC1200.h.45.4c899b4822ac22c0f00d6fd7f173cc96
                           .group:00000000 wm4.core_cm0.h.47.022e66414e77714da7c4b30b3ad99fe8
                           .group:00000000 wm4.newlib.h.8.a9901dc52d1357e3e94003403d43f8b5
                           .group:00000000 wm4.features.h.22.b72b3baab2bb2eab3661375590100b6b
                           .group:00000000 wm4.config.h.193.5fb8ef056cdff92dec3dee9552839d8c
                           .group:00000000 wm4._ansi.h.23.7aefdac4826acebbfc9f3822a0aeb14c
                           .group:00000000 wm4.stdint.h.20.54ad762faa59e3c05491630641c8d8bf
                           .group:00000000 wm4.core_cmInstr.h.39.b7b6650bdd2316848d940915272d75b8
                           .group:00000000 wm4.core_cm0.h.135.ca70469f87e143609670bb393bfa6518
                           .group:00000000 wm4.XMC1000_RomFunctionTable.h.31.6d9a94465618f31b040dc9cea9a47ad7
                           .group:00000000 wm4.XMC1200.h.122.96b58b1204def4c9f76341a4e21abaf6
                           .group:00000000 wm4.NVIC002_Conf.h.62.64042456dc7f2eb96fc713abacb4c5d4

NO UNDEFINED SYMBOLS
