   1              		.cpu cortex-m0
   2              		.fpu softvfp
   3              		.eabi_attribute 20, 1
   4              		.eabi_attribute 21, 1
   5              		.eabi_attribute 23, 3
   6              		.eabi_attribute 24, 1
   7              		.eabi_attribute 25, 1
   8              		.eabi_attribute 26, 1
   9              		.eabi_attribute 30, 4
  10              		.eabi_attribute 34, 0
  11              		.eabi_attribute 18, 4
  12              		.code	16
  13              		.file	"IO002_Conf.c"
  14              		.text
  15              	.Ltext0:
  16              		.cfi_sections	.debug_frame
  17              		.global	IO002_HandleArr
  18              		.global	IO002_Handle6
  19              		.global	IO002_Handle5
  20              		.global	IO002_Handle4
  21              		.global	IO002_Handle3
  22              		.global	IO002_Handle2
  23              		.global	IO002_Handle1
  24              		.global	IO002_Handle0
  25              		.section	.rodata
  26              		.align	2
  29              	IO002_Handle6:
  30 0000 02       		.byte	2
  31 0001 00       		.byte	0
  32 0002 0000     		.space	2
  33 0004 00000000 		.word	0
  34 0008 00000000 		.word	0
  35 000c 00000000 		.word	0
  36 0010 00000000 		.word	0
  37 0014 00000000 		.word	0
  38 0018 00000000 		.word	0
  39 001c 00000000 		.word	0
  40 0020 00000000 		.word	0
  41 0024 00000000 		.word	0
  42 0028 00000000 		.space	16
  42      00000000 
  42      00000000 
  42      00000000 
  43 0038 04000000 		.word	4
  44 003c 00000000 		.space	4
  45 0040 00020440 		.word	1074004480
  46 0044 00000000 		.word	0
  47 0048 00000000 		.word	0
  50              	IO002_Handle5:
  51 004c 00       		.byte	0
  52 004d 07       		.byte	7
  53 004e 0000     		.space	2
  54 0050 00000000 		.word	0
  55 0054 00000000 		.word	0
  56 0058 00000000 		.word	0
  57 005c 00000000 		.word	0
  58 0060 00000000 		.word	0
  59 0064 00000000 		.word	0
  60 0068 00000000 		.word	0
  61 006c 00000000 		.word	0
  62 0070 00000000 		.word	0
  63 0074 00000000 		.space	16
  63      00000000 
  63      00000000 
  63      00000000 
  64 0084 00000040 		.word	1073741824
  65 0088 00000000 		.space	4
  66 008c 00000440 		.word	1074003968
  67 0090 00000000 		.word	0
  68 0094 00000000 		.word	0
  71              	IO002_Handle4:
  72 0098 00       		.byte	0
  73 0099 05       		.byte	5
  74 009a 0000     		.space	2
  75 009c 00000000 		.word	0
  76 00a0 00000000 		.word	0
  77 00a4 00000000 		.word	0
  78 00a8 06000000 		.word	6
  79 00ac 00000000 		.word	0
  80 00b0 00000000 		.word	0
  81 00b4 01000000 		.word	1
  82 00b8 00000000 		.word	0
  83 00bc 00000000 		.word	0
  84 00c0 00000000 		.space	24
  84      00000000 
  84      00000000 
  84      00000000 
  84      00000000 
  85 00d8 00000440 		.word	1074003968
  86 00dc 00000000 		.word	0
  87 00e0 00000000 		.word	0
  90              	IO002_Handle3:
  91 00e4 00       		.byte	0
  92 00e5 08       		.byte	8
  93 00e6 0000     		.space	2
  94 00e8 00000000 		.word	0
  95 00ec 00000000 		.word	0
  96 00f0 00000000 		.word	0
  97 00f4 00000000 		.word	0
  98 00f8 00000000 		.word	0
  99 00fc 00000000 		.word	0
 100 0100 00000000 		.word	0
 101 0104 00000000 		.word	0
 102 0108 00000000 		.word	0
 103 010c 00000000 		.space	20
 103      00000000 
 103      00000000 
 103      00000000 
 103      00000000 
 104 0120 04000000 		.word	4
 105 0124 00000440 		.word	1074003968
 106 0128 00000000 		.word	0
 107 012c 00000000 		.word	0
 110              	IO002_Handle2:
 111 0130 01       		.byte	1
 112 0131 00       		.byte	0
 113 0132 0000     		.space	2
 114 0134 00000000 		.word	0
 115 0138 00000000 		.word	0
 116 013c 00000000 		.word	0
 117 0140 06000000 		.word	6
 118 0144 00000000 		.word	0
 119 0148 00000000 		.word	0
 120 014c 01000000 		.word	1
 121 0150 00000000 		.word	0
 122 0154 00000000 		.word	0
 123 0158 00000000 		.space	24
 123      00000000 
 123      00000000 
 123      00000000 
 123      00000000 
 124 0170 00010440 		.word	1074004224
 125 0174 00000000 		.word	0
 126 0178 00000000 		.word	0
 129              	IO002_Handle1:
 130 017c 00       		.byte	0
 131 017d 09       		.byte	9
 132 017e 0000     		.space	2
 133 0180 00000000 		.word	0
 134 0184 00000000 		.word	0
 135 0188 00000000 		.word	0
 136 018c 00000000 		.word	0
 137 0190 00000000 		.word	0
 138 0194 00000000 		.word	0
 139 0198 00000000 		.word	0
 140 019c 00000000 		.word	0
 141 01a0 00000000 		.word	0
 142 01a4 00000000 		.space	20
 142      00000000 
 142      00000000 
 142      00000000 
 142      00000000 
 143 01b8 40000000 		.word	64
 144 01bc 00000440 		.word	1074003968
 145 01c0 00000000 		.word	0
 146 01c4 00000000 		.word	0
 149              	IO002_Handle0:
 150 01c8 00       		.byte	0
 151 01c9 0A       		.byte	10
 152 01ca 0000     		.space	2
 153 01cc 00000000 		.word	0
 154 01d0 00000000 		.word	0
 155 01d4 00000000 		.word	0
 156 01d8 04000000 		.word	4
 157 01dc 00000000 		.word	0
 158 01e0 00000000 		.word	0
 159 01e4 01000000 		.word	1
 160 01e8 00000000 		.word	0
 161 01ec 00000000 		.word	0
 162 01f0 00000000 		.space	24
 162      00000000 
 162      00000000 
 162      00000000 
 162      00000000 
 163 0208 00000440 		.word	1074003968
 164 020c 00000000 		.word	0
 165 0210 00000000 		.word	0
 166              		.data
 167              		.align	2
 170              	IO002_HandleArr:
 171 0000 00000000 		.word	IO002_Handle0
 172 0004 00000000 		.word	IO002_Handle1
 173 0008 00000000 		.word	IO002_Handle2
 174 000c 00000000 		.word	IO002_Handle3
 175 0010 00000000 		.word	IO002_Handle4
 176 0014 00000000 		.word	IO002_Handle5
 177 0018 00000000 		.word	IO002_Handle6
 178              		.text
 179              	.Letext0:
 180              		.file 1 "c:\\dave-3.1.10\\arm-gcc\\bin\\../lib/gcc/arm-none-eabi/4.7.4/../../../../arm-none-eabi/i
 181              		.file 2 "../Dave/Generated/src/IO002/../../inc/IO002/IO002.h"
 182              		.file 3 "../Dave/Generated/src/IO002/IO002_Conf.c"
DEFINED SYMBOLS
                            *ABS*:00000000 IO002_Conf.c
C:\Users\tomasoat\AppData\Local\Temp\cc0pnbev.s:170    .data:00000000 IO002_HandleArr
C:\Users\tomasoat\AppData\Local\Temp\cc0pnbev.s:29     .rodata:00000000 IO002_Handle6
C:\Users\tomasoat\AppData\Local\Temp\cc0pnbev.s:50     .rodata:0000004c IO002_Handle5
C:\Users\tomasoat\AppData\Local\Temp\cc0pnbev.s:71     .rodata:00000098 IO002_Handle4
C:\Users\tomasoat\AppData\Local\Temp\cc0pnbev.s:90     .rodata:000000e4 IO002_Handle3
C:\Users\tomasoat\AppData\Local\Temp\cc0pnbev.s:110    .rodata:00000130 IO002_Handle2
C:\Users\tomasoat\AppData\Local\Temp\cc0pnbev.s:129    .rodata:0000017c IO002_Handle1
C:\Users\tomasoat\AppData\Local\Temp\cc0pnbev.s:149    .rodata:000001c8 IO002_Handle0
C:\Users\tomasoat\AppData\Local\Temp\cc0pnbev.s:26     .rodata:00000000 $d
C:\Users\tomasoat\AppData\Local\Temp\cc0pnbev.s:167    .data:00000000 $d
                           .group:00000000 wm4.1.e09b9dd5224853206c418479f14d6963
                           .group:00000000 wm4.uc_id.h.35.62dcba5f6261c1436e3866a751c1a98b
                           .group:00000000 wm4.XMC1200.h.45.4c899b4822ac22c0f00d6fd7f173cc96
                           .group:00000000 wm4.core_cm0.h.47.022e66414e77714da7c4b30b3ad99fe8
                           .group:00000000 wm4.newlib.h.8.a9901dc52d1357e3e94003403d43f8b5
                           .group:00000000 wm4.features.h.22.b72b3baab2bb2eab3661375590100b6b
                           .group:00000000 wm4.config.h.193.5fb8ef056cdff92dec3dee9552839d8c
                           .group:00000000 wm4._ansi.h.23.7aefdac4826acebbfc9f3822a0aeb14c
                           .group:00000000 wm4.stdint.h.20.54ad762faa59e3c05491630641c8d8bf
                           .group:00000000 wm4.core_cmInstr.h.39.b7b6650bdd2316848d940915272d75b8
                           .group:00000000 wm4.core_cm0.h.135.ca70469f87e143609670bb393bfa6518
                           .group:00000000 wm4.XMC1000_RomFunctionTable.h.31.6d9a94465618f31b040dc9cea9a47ad7
                           .group:00000000 wm4.XMC1200.h.122.96b58b1204def4c9f76341a4e21abaf6
                           .group:00000000 wm4.stddef.h.40.50cf36416e06376af8a9dca28536f2e4
                           .group:00000000 wm4.types.h.60.e75c47576398c648cdcf9000ace5e3d8
                           .group:00000000 wm4.IO002_Conf.h.51.9fc2eb43e77e0a2c02912a3744f3ec9d

NO UNDEFINED SYMBOLS
