   1              		.cpu cortex-m0
   2              		.fpu softvfp
   3              		.eabi_attribute 20, 1
   4              		.eabi_attribute 21, 1
   5              		.eabi_attribute 23, 3
   6              		.eabi_attribute 24, 1
   7              		.eabi_attribute 25, 1
   8              		.eabi_attribute 26, 1
   9              		.eabi_attribute 30, 4
  10              		.eabi_attribute 34, 0
  11              		.eabi_attribute 18, 4
  12              		.code	16
  13              		.file	"ANACMPGLOB01.c"
  14              		.text
  15              	.Ltext0:
  16              		.cfi_sections	.debug_frame
  17              		.section	.text.ANACMPGLOB01_Init,"ax",%progbits
  18              		.align	1
  19              		.global	ANACMPGLOB01_Init
  20              		.code	16
  21              		.thumb_func
  23              	ANACMPGLOB01_Init:
  24              	.LFB38:
  25              		.file 1 "../Dave/Generated/src/ANACMPGLOB01/ANACMPGLOB01.c"
   1:../Dave/Generated/src/ANACMPGLOB01/ANACMPGLOB01.c **** /*CODE_BLOCK_BEGIN[ANACMPGLOB01.c]*/
   2:../Dave/Generated/src/ANACMPGLOB01/ANACMPGLOB01.c **** 
   3:../Dave/Generated/src/ANACMPGLOB01/ANACMPGLOB01.c **** /*******************************************************************************
   4:../Dave/Generated/src/ANACMPGLOB01/ANACMPGLOB01.c ****  Copyright (c) 2013, Infineon Technologies AG                                 **
   5:../Dave/Generated/src/ANACMPGLOB01/ANACMPGLOB01.c ****  All rights reserved.                                                         **
   6:../Dave/Generated/src/ANACMPGLOB01/ANACMPGLOB01.c ****                                                                               **
   7:../Dave/Generated/src/ANACMPGLOB01/ANACMPGLOB01.c ****  Redistribution and use in source and binary forms, with or without           **
   8:../Dave/Generated/src/ANACMPGLOB01/ANACMPGLOB01.c ****  modification,are permitted provided that the following conditions are met:   **
   9:../Dave/Generated/src/ANACMPGLOB01/ANACMPGLOB01.c ****                                                                               **
  10:../Dave/Generated/src/ANACMPGLOB01/ANACMPGLOB01.c ****  *Redistributions of source code must retain the above copyright notice,      **
  11:../Dave/Generated/src/ANACMPGLOB01/ANACMPGLOB01.c ****  this list of conditions and the following disclaimer.                        **
  12:../Dave/Generated/src/ANACMPGLOB01/ANACMPGLOB01.c ****  *Redistributions in binary form must reproduce the above copyright notice,   **
  13:../Dave/Generated/src/ANACMPGLOB01/ANACMPGLOB01.c ****  this list of conditions and the following disclaimer in the documentation    **
  14:../Dave/Generated/src/ANACMPGLOB01/ANACMPGLOB01.c ****  and/or other materials provided with the distribution.                       **
  15:../Dave/Generated/src/ANACMPGLOB01/ANACMPGLOB01.c ****  *Neither the name of the copyright holders nor the names of its contributors **
  16:../Dave/Generated/src/ANACMPGLOB01/ANACMPGLOB01.c ****  may be used to endorse or promote products derived from this software without**
  17:../Dave/Generated/src/ANACMPGLOB01/ANACMPGLOB01.c ****  specific prior written permission.                                           **
  18:../Dave/Generated/src/ANACMPGLOB01/ANACMPGLOB01.c ****                                                                               **
  19:../Dave/Generated/src/ANACMPGLOB01/ANACMPGLOB01.c ****  THIS SOFTWARE IS PROVIDED BY THE COPYRIGHT HOLDERS AND CONTRIBUTORS "AS IS"  **
  20:../Dave/Generated/src/ANACMPGLOB01/ANACMPGLOB01.c ****  AND ANY EXPRESS OR IMPLIED WARRANTIES, INCLUDING, BUT NOT LIMITED TO, THE    **
  21:../Dave/Generated/src/ANACMPGLOB01/ANACMPGLOB01.c ****  IMPLIED WARRANTIES OF MERCHANTABILITY AND FITNESS FOR A PARTICULAR PURPOSE   **
  22:../Dave/Generated/src/ANACMPGLOB01/ANACMPGLOB01.c ****  ARE  DISCLAIMED. IN NO EVENT SHALL THE COPYRIGHT HOLDER OR CONTRIBUTORS BE   **
  23:../Dave/Generated/src/ANACMPGLOB01/ANACMPGLOB01.c ****  LIABLE  FOR ANY DIRECT, INDIRECT, INCIDENTAL, SPECIAL, EXEMPLARY, OR         **
  24:../Dave/Generated/src/ANACMPGLOB01/ANACMPGLOB01.c ****  CONSEQUENTIAL DAMAGES (INCLUDING, BUT NOT LIMITED TO, PROCUREMENT OF         **
  25:../Dave/Generated/src/ANACMPGLOB01/ANACMPGLOB01.c ****  SUBSTITUTE GOODS OR  SERVICES; LOSS OF USE, DATA, OR PROFITS; OR BUSINESS    **
  26:../Dave/Generated/src/ANACMPGLOB01/ANACMPGLOB01.c ****  INTERRUPTION) HOWEVER CAUSED AND ON ANY THEORY OF LIABILITY, WHETHER IN      **
  27:../Dave/Generated/src/ANACMPGLOB01/ANACMPGLOB01.c ****  CONTRACT, STRICT LIABILITY,OR TORT (INCLUDING NEGLIGENCE OR OTHERWISE)       **
  28:../Dave/Generated/src/ANACMPGLOB01/ANACMPGLOB01.c ****  ARISING IN ANY WAY OUT OF THE USE OF THIS SOFTWARE, EVEN IF ADVISED OF THE   **
  29:../Dave/Generated/src/ANACMPGLOB01/ANACMPGLOB01.c ****  POSSIBILITY OF SUCH DAMAGE.                                                  **
  30:../Dave/Generated/src/ANACMPGLOB01/ANACMPGLOB01.c ****                                                                               **
  31:../Dave/Generated/src/ANACMPGLOB01/ANACMPGLOB01.c ****  To improve the quality of the software, users are encouraged to share        **
  32:../Dave/Generated/src/ANACMPGLOB01/ANACMPGLOB01.c ****  modifications, enhancements or bug fixes with Infineon Technologies AG       **
  33:../Dave/Generated/src/ANACMPGLOB01/ANACMPGLOB01.c ****  dave@infineon.com).                                                          **
  34:../Dave/Generated/src/ANACMPGLOB01/ANACMPGLOB01.c ****                                                                               **
  35:../Dave/Generated/src/ANACMPGLOB01/ANACMPGLOB01.c **** ********************************************************************************
  36:../Dave/Generated/src/ANACMPGLOB01/ANACMPGLOB01.c **** **                                                                            **
  37:../Dave/Generated/src/ANACMPGLOB01/ANACMPGLOB01.c **** **                                                                            **
  38:../Dave/Generated/src/ANACMPGLOB01/ANACMPGLOB01.c **** ** PLATFORM : Infineon XMC1000 Series                       			      **
  39:../Dave/Generated/src/ANACMPGLOB01/ANACMPGLOB01.c **** **                                                                            **
  40:../Dave/Generated/src/ANACMPGLOB01/ANACMPGLOB01.c **** ** COMPILER : Compiler Independent                                            **
  41:../Dave/Generated/src/ANACMPGLOB01/ANACMPGLOB01.c **** **                                                                            **
  42:../Dave/Generated/src/ANACMPGLOB01/ANACMPGLOB01.c **** ** AUTHOR : App Developer                                                     **
  43:../Dave/Generated/src/ANACMPGLOB01/ANACMPGLOB01.c **** **                                                                            **
  44:../Dave/Generated/src/ANACMPGLOB01/ANACMPGLOB01.c **** ** MAY BE CHANGED BY USER [yes/no]: Yes                                       **
  45:../Dave/Generated/src/ANACMPGLOB01/ANACMPGLOB01.c **** **                                                                            **
  46:../Dave/Generated/src/ANACMPGLOB01/ANACMPGLOB01.c **** ** MODIFICATION DATE : Sep 10, 2013                                           **
  47:../Dave/Generated/src/ANACMPGLOB01/ANACMPGLOB01.c **** **                                                                            **
  48:../Dave/Generated/src/ANACMPGLOB01/ANACMPGLOB01.c **** *******************************************************************************/
  49:../Dave/Generated/src/ANACMPGLOB01/ANACMPGLOB01.c **** 
  50:../Dave/Generated/src/ANACMPGLOB01/ANACMPGLOB01.c **** /**
  51:../Dave/Generated/src/ANACMPGLOB01/ANACMPGLOB01.c ****  * @file ANACMPGLOB01.c
  52:../Dave/Generated/src/ANACMPGLOB01/ANACMPGLOB01.c ****  *
  53:../Dave/Generated/src/ANACMPGLOB01/ANACMPGLOB01.c ****  * @brief
  54:../Dave/Generated/src/ANACMPGLOB01/ANACMPGLOB01.c ****  * This app is used to support anacmp01 app for Analog comparator global configuration.
  55:../Dave/Generated/src/ANACMPGLOB01/ANACMPGLOB01.c ****  *
  56:../Dave/Generated/src/ANACMPGLOB01/ANACMPGLOB01.c ****  * Use case:
  57:../Dave/Generated/src/ANACMPGLOB01/ANACMPGLOB01.c ****  * It supports anacmp01 app. 
  58:../Dave/Generated/src/ANACMPGLOB01/ANACMPGLOB01.c ****  *
  59:../Dave/Generated/src/ANACMPGLOB01/ANACMPGLOB01.c ****  * Change History:
  60:../Dave/Generated/src/ANACMPGLOB01/ANACMPGLOB01.c ****  * Date       version       Details
  61:../Dave/Generated/src/ANACMPGLOB01/ANACMPGLOB01.c ****  * 25-Mar-13    1.0.6   1. Initial version
  62:../Dave/Generated/src/ANACMPGLOB01/ANACMPGLOB01.c ****  *                      2. Two IO001 apps consumtion done for two input pins   
  63:../Dave/Generated/src/ANACMPGLOB01/ANACMPGLOB01.c ****  *                      3. Register structure defined in anacmpglob01 app due
  64:../Dave/Generated/src/ANACMPGLOB01/ANACMPGLOB01.c ****  *                         to XMC1000 header file update not available and
  65:../Dave/Generated/src/ANACMPGLOB01/ANACMPGLOB01.c ****  *                         code corrected as per this structure.
  66:../Dave/Generated/src/ANACMPGLOB01/ANACMPGLOB01.c ****  *                      4. Register structure removed and Code is modified to 
  67:../Dave/Generated/src/ANACMPGLOB01/ANACMPGLOB01.c ****  *                         support updated header files.
  68:../Dave/Generated/src/ANACMPGLOB01/ANACMPGLOB01.c ****  *                      5. Help Document updated.
  69:../Dave/Generated/src/ANACMPGLOB01/ANACMPGLOB01.c ****  * 10-Sep-13    1.0.8   1. Added support for the following devices under 
  70:../Dave/Generated/src/ANACMPGLOB01/ANACMPGLOB01.c ****  *                         XMC1200 and XMC1300 Series XMC1201, XMC1202, XMC1301  
  71:../Dave/Generated/src/ANACMPGLOB01/ANACMPGLOB01.c ****  */
  72:../Dave/Generated/src/ANACMPGLOB01/ANACMPGLOB01.c **** 
  73:../Dave/Generated/src/ANACMPGLOB01/ANACMPGLOB01.c **** /******************************************************************************
  74:../Dave/Generated/src/ANACMPGLOB01/ANACMPGLOB01.c **** **                      Author(s) Identity                                   **
  75:../Dave/Generated/src/ANACMPGLOB01/ANACMPGLOB01.c **** *******************************************************************************
  76:../Dave/Generated/src/ANACMPGLOB01/ANACMPGLOB01.c **** **                                                                           **
  77:../Dave/Generated/src/ANACMPGLOB01/ANACMPGLOB01.c **** ** Initials     Name                                                         **
  78:../Dave/Generated/src/ANACMPGLOB01/ANACMPGLOB01.c **** ** NL           App Developer                                                **
  79:../Dave/Generated/src/ANACMPGLOB01/ANACMPGLOB01.c **** ** --------------------------------------------------------------------------**
  80:../Dave/Generated/src/ANACMPGLOB01/ANACMPGLOB01.c **** 
  81:../Dave/Generated/src/ANACMPGLOB01/ANACMPGLOB01.c **** *******************************************************************************/
  82:../Dave/Generated/src/ANACMPGLOB01/ANACMPGLOB01.c **** 
  83:../Dave/Generated/src/ANACMPGLOB01/ANACMPGLOB01.c **** /*******************************************************************************
  84:../Dave/Generated/src/ANACMPGLOB01/ANACMPGLOB01.c ****  ** INCLUDE FILES                                                             **
  85:../Dave/Generated/src/ANACMPGLOB01/ANACMPGLOB01.c ****  ******************************************************************************/
  86:../Dave/Generated/src/ANACMPGLOB01/ANACMPGLOB01.c **** #include <DAVE3.h>
  87:../Dave/Generated/src/ANACMPGLOB01/ANACMPGLOB01.c **** 
  88:../Dave/Generated/src/ANACMPGLOB01/ANACMPGLOB01.c **** /**
  89:../Dave/Generated/src/ANACMPGLOB01/ANACMPGLOB01.c ****  * @cond INTERNAL_DOCS
  90:../Dave/Generated/src/ANACMPGLOB01/ANACMPGLOB01.c ****  */
  91:../Dave/Generated/src/ANACMPGLOB01/ANACMPGLOB01.c **** 
  92:../Dave/Generated/src/ANACMPGLOB01/ANACMPGLOB01.c **** /*******************************************************************************
  93:../Dave/Generated/src/ANACMPGLOB01/ANACMPGLOB01.c **** **                      Private Type Definitions                              **
  94:../Dave/Generated/src/ANACMPGLOB01/ANACMPGLOB01.c **** *******************************************************************************/
  95:../Dave/Generated/src/ANACMPGLOB01/ANACMPGLOB01.c **** 
  96:../Dave/Generated/src/ANACMPGLOB01/ANACMPGLOB01.c **** /*******************************************************************************
  97:../Dave/Generated/src/ANACMPGLOB01/ANACMPGLOB01.c **** **                      Global Constant Definitions                           **
  98:../Dave/Generated/src/ANACMPGLOB01/ANACMPGLOB01.c **** *******************************************************************************/
  99:../Dave/Generated/src/ANACMPGLOB01/ANACMPGLOB01.c **** 
 100:../Dave/Generated/src/ANACMPGLOB01/ANACMPGLOB01.c **** /*******************************************************************************
 101:../Dave/Generated/src/ANACMPGLOB01/ANACMPGLOB01.c **** **                      Global Variable Definitions                           **
 102:../Dave/Generated/src/ANACMPGLOB01/ANACMPGLOB01.c **** *******************************************************************************/
 103:../Dave/Generated/src/ANACMPGLOB01/ANACMPGLOB01.c **** 
 104:../Dave/Generated/src/ANACMPGLOB01/ANACMPGLOB01.c **** /*******************************************************************************
 105:../Dave/Generated/src/ANACMPGLOB01/ANACMPGLOB01.c **** **                      Private Constant Definitions                          **
 106:../Dave/Generated/src/ANACMPGLOB01/ANACMPGLOB01.c **** *******************************************************************************/
 107:../Dave/Generated/src/ANACMPGLOB01/ANACMPGLOB01.c **** 
 108:../Dave/Generated/src/ANACMPGLOB01/ANACMPGLOB01.c **** /**
 109:../Dave/Generated/src/ANACMPGLOB01/ANACMPGLOB01.c **** * @}
 110:../Dave/Generated/src/ANACMPGLOB01/ANACMPGLOB01.c **** */
 111:../Dave/Generated/src/ANACMPGLOB01/ANACMPGLOB01.c **** /*******************************************************************************
 112:../Dave/Generated/src/ANACMPGLOB01/ANACMPGLOB01.c **** **                 Private Function Definitions:
 113:../Dave/Generated/src/ANACMPGLOB01/ANACMPGLOB01.c **** *******************************************************************************/
 114:../Dave/Generated/src/ANACMPGLOB01/ANACMPGLOB01.c **** 
 115:../Dave/Generated/src/ANACMPGLOB01/ANACMPGLOB01.c **** /**
 116:../Dave/Generated/src/ANACMPGLOB01/ANACMPGLOB01.c ****  * @addtogroup ANACMPGLOB01_PriviteFunctions
 117:../Dave/Generated/src/ANACMPGLOB01/ANACMPGLOB01.c ****  * @{
 118:../Dave/Generated/src/ANACMPGLOB01/ANACMPGLOB01.c ****  */
 119:../Dave/Generated/src/ANACMPGLOB01/ANACMPGLOB01.c **** /**
 120:../Dave/Generated/src/ANACMPGLOB01/ANACMPGLOB01.c ****  * @brief Initialization function which initializes the App internal data
 121:../Dave/Generated/src/ANACMPGLOB01/ANACMPGLOB01.c ****  *  structures to default values.
 122:../Dave/Generated/src/ANACMPGLOB01/ANACMPGLOB01.c ****  *
 123:../Dave/Generated/src/ANACMPGLOB01/ANACMPGLOB01.c ****  * @param [in] None<BR>
 124:../Dave/Generated/src/ANACMPGLOB01/ANACMPGLOB01.c ****  *
 125:../Dave/Generated/src/ANACMPGLOB01/ANACMPGLOB01.c ****  * @return  void<BR>
 126:../Dave/Generated/src/ANACMPGLOB01/ANACMPGLOB01.c ****  *
 127:../Dave/Generated/src/ANACMPGLOB01/ANACMPGLOB01.c ****  * <b>Reentrancy:  Yes</b><BR>
 128:../Dave/Generated/src/ANACMPGLOB01/ANACMPGLOB01.c ****  * <b>Sync/Async:  Synchronous</b><BR>
 129:../Dave/Generated/src/ANACMPGLOB01/ANACMPGLOB01.c ****  */
 130:../Dave/Generated/src/ANACMPGLOB01/ANACMPGLOB01.c **** 
 131:../Dave/Generated/src/ANACMPGLOB01/ANACMPGLOB01.c ****   void ANACMPGLOB01_Init(void)
 132:../Dave/Generated/src/ANACMPGLOB01/ANACMPGLOB01.c ****   {
  26              		.loc 1 132 0
  27              		.cfi_startproc
  28 0000 10B5     		push	{r4, lr}
  29              	.LCFI0:
  30              		.cfi_def_cfa_offset 8
  31              		.cfi_offset 4, -8
  32              		.cfi_offset 14, -4
 133:../Dave/Generated/src/ANACMPGLOB01/ANACMPGLOB01.c ****       ANACMPGLOB01_Handle0.ANACMPGlobRegs0Ptr->ANACMP0 = \
 134:../Dave/Generated/src/ANACMPGLOB01/ANACMPGLOB01.c ****       ((ANACMPGLOB01_Handle0.ANACMPGlobRegs0Ptr->ANACMP0 & ~COMPARATOR_ANACMP0_CMP_LPWR_Msk) \
  33              		.loc 1 134 0
  34 0002 0549     		ldr	r1, .L2
  35 0004 054B     		ldr	r3, .L2+4
  36 0006 4A68     		ldr	r2, [r1, #4]
 133:../Dave/Generated/src/ANACMPGLOB01/ANACMPGLOB01.c ****       ANACMPGLOB01_Handle0.ANACMPGlobRegs0Ptr->ANACMP0 = \
  37              		.loc 1 133 0
  38 0008 0878     		ldrb	r0, [r1]
  39              		.loc 1 134 0
  40 000a D45A     		ldrh	r4, [r2, r3]
 133:../Dave/Generated/src/ANACMPGLOB01/ANACMPGLOB01.c ****       ANACMPGLOB01_Handle0.ANACMPGlobRegs0Ptr->ANACMP0 = \
  41              		.loc 1 133 0
  42 000c 0449     		ldr	r1, .L2+8
  43 000e 0002     		lsl	r0, r0, #8
  44 0010 2140     		and	r1, r4
  45 0012 0143     		orr	r1, r0
  46 0014 D152     		strh	r1, [r2, r3]
 135:../Dave/Generated/src/ANACMPGLOB01/ANACMPGLOB01.c ****      |(ANACMPGLOB01_Handle0.Powermode <<COMPARATOR_ANACMP0_CMP_LPWR_Pos));
 136:../Dave/Generated/src/ANACMPGLOB01/ANACMPGLOB01.c ****   }
  47              		.loc 1 136 0
  48              		@ sp needed for prologue
  49 0016 10BD     		pop	{r4, pc}
  50              	.L3:
  51              		.align	2
  52              	.L2:
  53 0018 00000000 		.word	ANACMPGLOB01_Handle0
  54 001c 5C0B0000 		.word	2908
  55 0020 FFFEFFFF 		.word	-257
  56              		.cfi_endproc
  57              	.LFE38:
  59              		.text
  60              	.Letext0:
  61              		.file 2 "c:\\dave-3.1.10\\arm-gcc\\bin\\../lib/gcc/arm-none-eabi/4.7.4/../../../../arm-none-eabi/i
  62              		.file 3 "C:\\DAVE-3.1.10\\eclipse\\/../CMSIS/Infineon/XMC1200_series/Include/XMC1200.h"
  63              		.file 4 "C:\\Users\\tomasoat\\Userdata\\AEPrograms\\DAVE3_workspace_32_DAVE3110\\RGB_LED_Shield_v5
  64              		.file 5 "C:\\Users\\tomasoat\\Userdata\\AEPrograms\\DAVE3_workspace_32_DAVE3110\\RGB_LED_Shield_v5
DEFINED SYMBOLS
                            *ABS*:00000000 ANACMPGLOB01.c
C:\Users\tomasoat\AppData\Local\Temp\ccqNU46r.s:18     .text.ANACMPGLOB01_Init:00000000 $t
C:\Users\tomasoat\AppData\Local\Temp\ccqNU46r.s:23     .text.ANACMPGLOB01_Init:00000000 ANACMPGLOB01_Init
C:\Users\tomasoat\AppData\Local\Temp\ccqNU46r.s:53     .text.ANACMPGLOB01_Init:00000018 $d
                     .debug_frame:00000010 $d
                           .group:00000000 wm4.1.e09b9dd5224853206c418479f14d6963
                           .group:00000000 wm4.XMC1200.h.45.4c899b4822ac22c0f00d6fd7f173cc96
                           .group:00000000 wm4.core_cm0.h.47.022e66414e77714da7c4b30b3ad99fe8
                           .group:00000000 wm4.newlib.h.8.a9901dc52d1357e3e94003403d43f8b5
                           .group:00000000 wm4.features.h.22.b72b3baab2bb2eab3661375590100b6b
                           .group:00000000 wm4.config.h.193.5fb8ef056cdff92dec3dee9552839d8c
                           .group:00000000 wm4._ansi.h.23.7aefdac4826acebbfc9f3822a0aeb14c
                           .group:00000000 wm4.stdint.h.20.54ad762faa59e3c05491630641c8d8bf
                           .group:00000000 wm4.core_cmInstr.h.39.b7b6650bdd2316848d940915272d75b8
                           .group:00000000 wm4.core_cm0.h.135.ca70469f87e143609670bb393bfa6518
                           .group:00000000 wm4.XMC1000_RomFunctionTable.h.31.6d9a94465618f31b040dc9cea9a47ad7
                           .group:00000000 wm4.XMC1200.h.122.96b58b1204def4c9f76341a4e21abaf6
                           .group:00000000 wm4.stddef.h.40.50cf36416e06376af8a9dca28536f2e4
                           .group:00000000 wm4.types.h.60.e75c47576398c648cdcf9000ace5e3d8
                           .group:00000000 wm4.MULTIPLEXER.h.46.383e3edbb9cbf6e538f7c1532ef623c1
                           .group:00000000 wm4.uc_id.h.35.62dcba5f6261c1436e3866a751c1a98b
                           .group:00000000 wm4.BCCUDIM01_Conf.h.46.1e3ffd6581cbd401bcc28a6ce60f19f0
                           .group:00000000 wm4.BCCUCH01_Conf.h.48.2ce679450068d1645a9e0c3a7937e697
                           .group:00000000 wm4.CCU4Global_Conf.h.63.a52fac0daa39b5f58343578312b4eb54
                           .group:00000000 wm4.PWMSP003_Conf.h.49.a3ea83c25b3af429e78acb0f2dc45bd4
                           .group:00000000 wm4.PWMSP003.h.103.903071678b9af5683776405c5b299fbb
                           .group:00000000 wm4.IO002_Conf.h.51.9fc2eb43e77e0a2c02912a3744f3ec9d
                           .group:00000000 wm4.IO001.h.49.4efcabb368feaef60c65bd7504b48505
                           .group:00000000 wm4.NVIC002_Conf.h.62.64042456dc7f2eb96fc713abacb4c5d4
                           .group:00000000 wm4.DMX512RD01_Conf.h.49.036b57ce74a404ea8f8ade310b364436
                           .group:00000000 wm4.IO004.h.53.442ea5eb47ad9eedc675253aa35f3107
                           .group:00000000 wm4.Usic.h.40.f6a4fed014760114cf5039d398d6dd2c
                           .group:00000000 wm4.I2C003_Conf.h.50.5fb7c255d386301836868ba2fd78b91f
                           .group:00000000 wm4.FLASH003.h.76.20bf3d34b222314a45adfdfb414ab1b6
                           .group:00000000 wm4.FLASH003_Conf.h.72.6d366060eda228c6c8843c467361c30c

UNDEFINED SYMBOLS
ANACMPGLOB01_Handle0
